<?xml version="1.0" encoding="UTF-8"?>
<!-- Generated by org.testng.reporters.JUnitReportReporter -->
<testsuite hostname="DESKTOP-2RL33PM" failures="0" tests="1" name="scripts.Script1" time="13.107" errors="0" timestamp="2022-12-20T08:06:53 IST" skipped="0">
  <testcase classname="scripts.Script1" name="createCustomer" time="13.107"/>
  <system-out/>
</testsuite> <!-- scripts.Script1 -->
