<?xml version="1.0" encoding="UTF-8"?>
<!-- Generated by org.testng.reporters.JUnitReportReporter -->
<testsuite hostname="DESKTOP-2RL33PM" failures="0" tests="1" name="scripts.ValidLogin" time="24.426" errors="0" timestamp="2022-12-22T08:02:55 IST" skipped="0">
  <testcase classname="scripts.ValidLogin" name="testValidLogin" time="24.426"/>
  <system-out/>
</testsuite> <!-- scripts.ValidLogin -->
